[0m14:34:59.250017 [debug] [MainThread]: Sending event: {'category': 'dbt', 'action': 'invocation', 'label': 'start', 'context': [<snowplow_tracker.self_describing_json.SelfDescribingJson object at 0x00000225DF944670>, <snowplow_tracker.self_describing_json.SelfDescribingJson object at 0x00000225E1C4C430>, <snowplow_tracker.self_describing_json.SelfDescribingJson object at 0x00000225E1C4C700>]}


============================== 14:34:59.259029 | 639e5ec0-88c8-4706-9993-e024682f8ed5 ==============================
[0m14:34:59.259029 [info ] [MainThread]: Running with dbt=1.5.2
[0m14:34:59.261031 [debug] [MainThread]: running dbt with arguments {'printer_width': '80', 'indirect_selection': 'eager', 'write_json': 'True', 'log_cache_events': 'False', 'partial_parse': 'True', 'cache_selected_only': 'False', 'warn_error': 'None', 'debug': 'False', 'profiles_dir': 'C:\\Users\\Or\\.dbt', 'log_path': 'logs', 'fail_fast': 'False', 'version_check': 'True', 'use_colors': 'True', 'use_experimental_parser': 'False', 'no_print': 'None', 'quiet': 'False', 'log_format': 'default', 'static_parser': 'True', 'introspect': 'True', 'warn_error_options': 'WarnErrorOptions(include=[], exclude=[])', 'target_path': 'None', 'send_anonymous_usage_stats': 'True'}
[0m14:34:59.264527 [warn ] [MainThread]: [ConfigFolderDirectory]: Unable to parse dict {'dir': WindowsPath('C:/Users/Or/.dbt')}
[0m14:34:59.265548 [info ] [MainThread]: Creating dbt configuration folder at 
[0m14:35:10.635715 [debug] [MainThread]: Starter project path: C:\Users\Or\anaconda3\envs\dbt\lib\site-packages\dbt\include\starter_project
[0m14:36:24.719229 [info ] [MainThread]: Profile dbt_p written to C:\Users\Or\.dbt\profiles.yml using target's profile_template.yml and your supplied values. Run 'dbt debug' to validate the connection.
[0m14:36:24.721593 [info ] [MainThread]: 
Your new dbt project "dbt_p" was created!

For more information on how to configure the profiles.yml file,
please consult the dbt documentation here:

  https://docs.getdbt.com/docs/configure-your-profile

One more thing:

Need help? Don't hesitate to reach out to us via GitHub issues or on Slack:

  https://community.getdbt.com/

Happy modeling!

[0m14:36:24.723593 [debug] [MainThread]: Command `dbt init` succeeded at 14:36:24.723593 after 85.50 seconds
[0m14:36:24.724591 [debug] [MainThread]: Sending event: {'category': 'dbt', 'action': 'invocation', 'label': 'end', 'context': [<snowplow_tracker.self_describing_json.SelfDescribingJson object at 0x00000225DF944670>, <snowplow_tracker.self_describing_json.SelfDescribingJson object at 0x0000022582ED9F70>, <snowplow_tracker.self_describing_json.SelfDescribingJson object at 0x00000225DFC1D280>]}
[0m14:36:24.726588 [debug] [MainThread]: Flushing usage events
